******************************
GENERATED THREE-ADDRESS CODE :-
******************************

0   : main: 
1   :    t0 = 4
2   :    a = t0
3   :    t1 = 0
4   :    sum = t1
5   :    t2 = 4
6   :    t3 = 0
7   :    t4 = t3 * 8
8   :    t5 = 40.23
9   :    arr[t4] = t5
10  :    t7 = 1
11  :    t8 = t7 * 8
12  :    t9 = 19.75
13  :    arr[t8] = t9
14  :    t11 = 2
15  :    t12 = t11 * 8
16  :    t13 = 32.03
17  :    arr[t12] = t13
18  :    t15 = 3
19  :    t16 = t15 * 8
20  :    t17 = 89.95
21  :    arr[t16] = t17
22  :    t19 = 4

23  : main.FOR$0: 
24  :    t0 = 0
25  :    i = t0
26  :    if i < a goto 31
27  :    goto 65
28  :    t2 = i
29  :    i = i + 1
30  :    goto 26
31  :    t3 = i * 8
32  :    t4 = arr[t3]
33  :    t5 = int2float(t4)
34  :    temp = t5
35  :    t6 = 50.0
36  :    if temp > t6 goto 39
37  :    goto 60
38  :    goto 64

39  : main.FOR$0.FOR$1: 
40  :    t0 = float2int(temp)
41  :    t1 = float2int(temp)
42  :    t2 = t1 - t0
43  :    t3 = 0.5
44  :    t4 = int2float(t2)
45  :    if t4 >= t3 goto 48
46  :    goto 55
47  :    goto 59

48  : main.FOR$0.FOR$1.FOR$2: 
49  :    t0 = i * 4
50  :    t1 = float2int(temp)
51  :    t2 = 1
52  :    t3 = t1 + t2
53  :    round_arr[t0] = t3
54  :    goto 28

55  : main.FOR$0.FOR$1.FOR$3: 
56  :    t0 = i * 4
57  :    t1 = float2int(temp)
58  :    round_arr[t0] = t1
59  :    goto 28

60  : main.FOR$0.FOR$4: 
61  :    t0 = i * 4
62  :    t1 = float2int(temp)
63  :    round_arr[t0] = t1
64  :    goto 28
65  :    t20 = 0
66  :    return t20


****************************************
GENERATED SYMBOL TABLES FOR EACH SCOPE:-
****************************************


------------------------------------------------------------------------------------------------------------------------
SYMBOL TABLE : Global              
PARENT TABLE : NULL                
------------------------------------------------------------------------------------------------------------------------
NAME                     TYPE                     INITIAL VALUE            SIZE           OFFSET         NESTED TABLE
========================================================================================================================
main                     int                      -                        4              0              main
========================================================================================================================



------------------------------------------------------------------------------------------------------------------------
SYMBOL TABLE : main                
PARENT TABLE : Global              
------------------------------------------------------------------------------------------------------------------------
NAME                     TYPE                     INITIAL VALUE            SIZE           OFFSET         NESTED TABLE
========================================================================================================================
return                   int                      -                        4              0              NULL
a                        int                      4                        4              4              NULL
t0                       int                      4                        4              8              NULL
i                        int                      -                        4              12             NULL
sum                      int                      0                        4              16             NULL
t1                       int                      0                        4              20             NULL
arr                      arr(4, float)            -                        32             24             NULL
t2                       int                      4                        4              56             NULL
temp                     float                    -                        8              60             NULL
t3                       int                      0                        4              68             NULL
t4                       int                      -                        4              72             NULL
t5                       float                    40.23                    8              76             NULL
t6                       float                    -                        8              84             NULL
t7                       int                      1                        4              92             NULL
t8                       int                      -                        4              96             NULL
t9                       float                    19.75                    8              100            NULL
t10                      float                    -                        8              108            NULL
t11                      int                      2                        4              116            NULL
t12                      int                      -                        4              120            NULL
t13                      float                    32.03                    8              124            NULL
t14                      float                    -                        8              132            NULL
t15                      int                      3                        4              140            NULL
t16                      int                      -                        4              144            NULL
t17                      float                    89.95                    8              148            NULL
t18                      float                    -                        8              156            NULL
round_arr                arr(4, int)              -                        16             164            NULL
t19                      int                      4                        4              180            NULL
main.FOR$0               block                    -                        4              184            main.FOR$0
t20                      int                      0                        4              188            NULL
========================================================================================================================



------------------------------------------------------------------------------------------------------------------------
SYMBOL TABLE : main.FOR$0          
PARENT TABLE : main                
------------------------------------------------------------------------------------------------------------------------
NAME                     TYPE                     INITIAL VALUE            SIZE           OFFSET         NESTED TABLE
========================================================================================================================
t0                       int                      0                        4              0              NULL
t1                       int                      -                        4              4              NULL
t2                       int                      -                        4              8              NULL
t3                       int                      -                        4              12             NULL
t4                       int                      -                        4              16             NULL
t5                       float                    -                        8              20             NULL
t6                       float                    50.0                     8              28             NULL
main.FOR$0.FOR$1         block                    -                        4              36             main.FOR$0.FOR$1
main.FOR$0.FOR$4         block                    -                        4              40             main.FOR$0.FOR$4
========================================================================================================================



------------------------------------------------------------------------------------------------------------------------
SYMBOL TABLE : main.FOR$0.FOR$1    
PARENT TABLE : main.FOR$0          
------------------------------------------------------------------------------------------------------------------------
NAME                     TYPE                     INITIAL VALUE            SIZE           OFFSET         NESTED TABLE
========================================================================================================================
t0                       int                      -                        4              0              NULL
t1                       int                      -                        4              4              NULL
t2                       int                      -                        4              8              NULL
t3                       float                    0.5                      8              12             NULL
t4                       float                    -                        8              20             NULL
main.FOR$0.FOR$1.FOR$2   block                    -                        4              28             main.FOR$0.FOR$1.FOR$2
main.FOR$0.FOR$1.FOR$3   block                    -                        4              32             main.FOR$0.FOR$1.FOR$3
========================================================================================================================



------------------------------------------------------------------------------------------------------------------------
SYMBOL TABLE : main.FOR$0.FOR$1.FOR$2
PARENT TABLE : main.FOR$0.FOR$1    
------------------------------------------------------------------------------------------------------------------------
NAME                     TYPE                     INITIAL VALUE            SIZE           OFFSET         NESTED TABLE
========================================================================================================================
t0                       int                      -                        4              0              NULL
t1                       int                      -                        4              4              NULL
t2                       int                      1                        4              8              NULL
t3                       int                      -                        4              12             NULL
t4                       int                      -                        4              16             NULL
========================================================================================================================



------------------------------------------------------------------------------------------------------------------------
SYMBOL TABLE : main.FOR$0.FOR$1.FOR$3
PARENT TABLE : main.FOR$0.FOR$1    
------------------------------------------------------------------------------------------------------------------------
NAME                     TYPE                     INITIAL VALUE            SIZE           OFFSET         NESTED TABLE
========================================================================================================================
t0                       int                      -                        4              0              NULL
t1                       int                      -                        4              4              NULL
t2                       int                      -                        4              8              NULL
========================================================================================================================



------------------------------------------------------------------------------------------------------------------------
SYMBOL TABLE : main.FOR$0.FOR$4    
PARENT TABLE : main.FOR$0          
------------------------------------------------------------------------------------------------------------------------
NAME                     TYPE                     INITIAL VALUE            SIZE           OFFSET         NESTED TABLE
========================================================================================================================
t0                       int                      -                        4              0              NULL
t1                       int                      -                        4              4              NULL
t2                       int                      -                        4              8              NULL
========================================================================================================================



