******************************
GENERATED THREE-ADDRESS CODE :-
******************************

0   : bitwise_and: 
1   :    t0 = a & b
2   :    and_op = t0
3   :    return and_op

4   : subtract_dbl: 
5   :    t0 = a - b
6   :    c = t0
7   :    return c

8   : bitwise_not: 
9   :    t0 = ~a
10  :    neg_op = t0
11  :    return neg_op

12  : arraySum: 
13  :    t0 = 4
14  :    t1 = 0
15  :    sum = t1

16  : arraySum.FOR$0: 
17  :    t0 = 0
18  :    i = t0
19  :    t2 = 4
20  :    if i < t2 goto 25
21  :    goto 34
22  :    t3 = i
23  :    i = i + 1
24  :    goto 19
25  :    t4 = i * 4
26  :    t5 = 3
27  :    t6 = t5 * i
28  :    arr[t4] = t6
29  :    t8 = i * 4
30  :    t9 = arr[t8]
31  :    t10 = sum + t9
32  :    sum = t10
33  :    goto 22
34  :    return sum

35  : main: 
36  :    t0 = 8
37  :    p = t0
38  :    t1 = 5
39  :    q = t1
40  :    t2 = 1.4
41  :    x = t2
42  :    param p
43  :    param q
44  :    t3 = call bitwise_and, 2
45  :    r = t3
46  :    param q
47  :    param x
48  :    t5 = call subtract_dbl, 2
49  :    s = t5
50  :    param p
51  :    t6 = call bitwise_not, 1
52  :    x = t6
53  :    t8 = call arraySum, 0
54  :    arr_sum = t8
55  :    return 


****************************************
GENERATED SYMBOL TABLES FOR EACH SCOPE:-
****************************************


------------------------------------------------------------------------------------------------------------------------
SYMBOL TABLE : Global              
PARENT TABLE : NULL                
------------------------------------------------------------------------------------------------------------------------
NAME                     TYPE                     INITIAL VALUE            SIZE           OFFSET         NESTED TABLE
========================================================================================================================
bitwise_and              int                      -                        4              0              bitwise_and
subtract_dbl             int                      -                        4              4              subtract_dbl
bitwise_not              int                      -                        4              8              bitwise_not
arraySum                 int                      -                        4              12             arraySum
main                     void                     -                        0              16             main
========================================================================================================================



------------------------------------------------------------------------------------------------------------------------
SYMBOL TABLE : bitwise_and         
PARENT TABLE : Global              
------------------------------------------------------------------------------------------------------------------------
NAME                     TYPE                     INITIAL VALUE            SIZE           OFFSET         NESTED TABLE
========================================================================================================================
a                        int                      -                        4              0              NULL
b                        int                      -                        4              4              NULL
return                   int                      -                        4              8              NULL
and_op                   int                      -                        4              12             NULL
t0                       int                      -                        4              16             NULL
========================================================================================================================



------------------------------------------------------------------------------------------------------------------------
SYMBOL TABLE : subtract_dbl        
PARENT TABLE : Global              
------------------------------------------------------------------------------------------------------------------------
NAME                     TYPE                     INITIAL VALUE            SIZE           OFFSET         NESTED TABLE
========================================================================================================================
a                        int                      -                        4              0              NULL
b                        int                      -                        4              4              NULL
return                   int                      -                        4              8              NULL
c                        int                      -                        4              12             NULL
t0                       int                      -                        4              16             NULL
t1                       int                      -                        4              20             NULL
========================================================================================================================



------------------------------------------------------------------------------------------------------------------------
SYMBOL TABLE : bitwise_not         
PARENT TABLE : Global              
------------------------------------------------------------------------------------------------------------------------
NAME                     TYPE                     INITIAL VALUE            SIZE           OFFSET         NESTED TABLE
========================================================================================================================
a                        int                      -                        4              0              NULL
return                   int                      -                        4              4              NULL
neg_op                   int                      -                        4              8              NULL
t0                       int                      -                        4              12             NULL
========================================================================================================================



------------------------------------------------------------------------------------------------------------------------
SYMBOL TABLE : arraySum            
PARENT TABLE : Global              
------------------------------------------------------------------------------------------------------------------------
NAME                     TYPE                     INITIAL VALUE            SIZE           OFFSET         NESTED TABLE
========================================================================================================================
return                   int                      -                        4              0              NULL
i                        int                      -                        4              4              NULL
arr                      arr(4, int)              -                        16             8              NULL
t0                       int                      4                        4              24             NULL
sum                      int                      0                        4              28             NULL
t1                       int                      0                        4              32             NULL
arraySum.FOR$0           block                    -                        4              36             arraySum.FOR$0
========================================================================================================================



------------------------------------------------------------------------------------------------------------------------
SYMBOL TABLE : arraySum.FOR$0      
PARENT TABLE : arraySum            
------------------------------------------------------------------------------------------------------------------------
NAME                     TYPE                     INITIAL VALUE            SIZE           OFFSET         NESTED TABLE
========================================================================================================================
t0                       int                      0                        4              0              NULL
t1                       int                      -                        4              4              NULL
t2                       int                      4                        4              8              NULL
t3                       int                      -                        4              12             NULL
t4                       int                      -                        4              16             NULL
t5                       int                      3                        4              20             NULL
t6                       int                      -                        4              24             NULL
t7                       int                      -                        4              28             NULL
t8                       int                      -                        4              32             NULL
t9                       int                      -                        4              36             NULL
t10                      int                      -                        4              40             NULL
t11                      int                      -                        4              44             NULL
========================================================================================================================



------------------------------------------------------------------------------------------------------------------------
SYMBOL TABLE : main                
PARENT TABLE : Global              
------------------------------------------------------------------------------------------------------------------------
NAME                     TYPE                     INITIAL VALUE            SIZE           OFFSET         NESTED TABLE
========================================================================================================================
p                        int                      8                        4              0              NULL
t0                       int                      8                        4              4              NULL
q                        int                      5                        4              8              NULL
t1                       int                      5                        4              12             NULL
r                        int                      -                        4              16             NULL
x                        int                      1.4                      4              20             NULL
t2                       float                    1.4                      8              24             NULL
t3                       int                      -                        4              32             NULL
t4                       int                      -                        4              36             NULL
s                        int                      -                        4              40             NULL
t5                       int                      -                        4              44             NULL
t6                       int                      -                        4              48             NULL
t7                       int                      -                        4              52             NULL
arr_sum                  int                      -                        4              56             NULL
t8                       int                      -                        4              60             NULL
========================================================================================================================



