******************************
GENERATED THREE-ADDRESS CODE :-
******************************

0   : frobenius_norm: 
1   :    t0 = 0.0
2   :    norm = t0

3   : frobenius_norm.FOR$0: 
4   :    t0 = 0
5   :    i = t0
6   :    if i < n goto 11
7   :    goto 31
8   :    t1 = i
9   :    i = i + 1
10  :    goto 6

11  : frobenius_norm.FOR$0.FOR$1: 
12  :    t0 = 0
13  :    j = t0
14  :    if j < n goto 19
15  :    goto 8
16  :    t1 = j
17  :    j = j + 1
18  :    goto 14
19  :    t2 = i * 4
20  :    t4 = j * 4
21  :    t3 = t2 + t4
22  :    t5 = A[t3]
23  :    t6 = i * 4
24  :    t8 = j * 4
25  :    t7 = t6 + t8
26  :    t10 = t5 * A
27  :    t11 = int2float(t10)
28  :    norm = t11
29  :    goto 16
30  :    goto 8
31  :    param norm
32  :    t1 = call sqrt, 1
33  :    t2 = int2float(t1)
34  :    norm = t2
35  :    return norm

36  : main: 
37  :    t0 = 3
38  :    n = t0
39  :    t1 = 3
40  :    t2 = 3
41  :    t3 = 1
42  :    k = t3

43  : main.FOR$0: 
44  :    t0 = 0
45  :    i = t0
46  :    if i < n goto 51
47  :    goto 67
48  :    t2 = i
49  :    i = i + 1
50  :    goto 46

51  : main.FOR$0.FOR$1: 
52  :    t0 = 0
53  :    j = t0
54  :    if j < n goto 59
55  :    goto 48
56  :    t2 = j
57  :    j = j + 1
58  :    goto 54
59  :    t3 = i * 12
60  :    t5 = j * 4
61  :    t4 = t3 + t5
62  :    A[t4] = k
63  :    t7 = k
64  :    k = k + 1
65  :    goto 56
66  :    goto 48
67  :    param A
68  :    param n
69  :    t4 = call frobenius_norm, 2
70  :    norm = t4
71  :    t5 = 0
72  :    return t5


****************************************
GENERATED SYMBOL TABLES FOR EACH SCOPE:-
****************************************


------------------------------------------------------------------------------------------------------------------------
SYMBOL TABLE : Global              
PARENT TABLE : NULL                
------------------------------------------------------------------------------------------------------------------------
NAME                     TYPE                     INITIAL VALUE            SIZE           OFFSET         NESTED TABLE
========================================================================================================================
frobenius_norm           float                    -                        8              0              frobenius_norm
main                     int                      -                        4              8              main
========================================================================================================================



------------------------------------------------------------------------------------------------------------------------
SYMBOL TABLE : frobenius_norm      
PARENT TABLE : Global              
------------------------------------------------------------------------------------------------------------------------
NAME                     TYPE                     INITIAL VALUE            SIZE           OFFSET         NESTED TABLE
========================================================================================================================
A                        ptr(ptr(int))            -                        4              0              NULL
n                        int                      -                        4              4              NULL
return                   float                    -                        8              8              NULL
norm                     float                    0.0                      8              16             NULL
t0                       float                    0.0                      8              24             NULL
frobenius_norm.FOR$0     block                    -                        4              32             frobenius_norm.FOR$0
sqrt                     int                      -                        4              36             NULL
t1                       int                      -                        4              40             NULL
t2                       float                    -                        8              44             NULL
========================================================================================================================



------------------------------------------------------------------------------------------------------------------------
SYMBOL TABLE : frobenius_norm.FOR$0
PARENT TABLE : frobenius_norm      
------------------------------------------------------------------------------------------------------------------------
NAME                     TYPE                     INITIAL VALUE            SIZE           OFFSET         NESTED TABLE
========================================================================================================================
i                        int                      0                        4              0              NULL
t0                       int                      0                        4              4              NULL
t1                       int                      -                        4              8              NULL
frobenius_norm.FOR$0.FOR$1block                    -                        4              12             frobenius_norm.FOR$0.FOR$1
========================================================================================================================



------------------------------------------------------------------------------------------------------------------------
SYMBOL TABLE : frobenius_norm.FOR$0.FOR$1
PARENT TABLE : frobenius_norm.FOR$0
------------------------------------------------------------------------------------------------------------------------
NAME                     TYPE                     INITIAL VALUE            SIZE           OFFSET         NESTED TABLE
========================================================================================================================
j                        int                      0                        4              0              NULL
t0                       int                      0                        4              4              NULL
t1                       int                      -                        4              8              NULL
t2                       int                      -                        4              12             NULL
t3                       int                      -                        4              16             NULL
t4                       int                      -                        4              20             NULL
t5                       int                      -                        4              24             NULL
t6                       int                      -                        4              28             NULL
t7                       int                      -                        4              32             NULL
t8                       int                      -                        4              36             NULL
t9                       ptr(null)                -                        4              40             NULL
t10                      int                      -                        4              44             NULL
t11                      float                    -                        8              48             NULL
========================================================================================================================



------------------------------------------------------------------------------------------------------------------------
SYMBOL TABLE : main                
PARENT TABLE : Global              
------------------------------------------------------------------------------------------------------------------------
NAME                     TYPE                     INITIAL VALUE            SIZE           OFFSET         NESTED TABLE
========================================================================================================================
return                   int                      -                        4              0              NULL
n                        int                      3                        4              4              NULL
t0                       int                      3                        4              8              NULL
A                        arr(3, arr(3, int))      -                        36             12             NULL
t1                       int                      3                        4              48             NULL
t2                       int                      3                        4              52             NULL
i                        int                      -                        4              56             NULL
j                        int                      -                        4              60             NULL
k                        int                      1                        4              64             NULL
t3                       int                      1                        4              68             NULL
main.FOR$0               block                    -                        4              72             main.FOR$0
norm                     float                    -                        8              76             NULL
t4                       float                    -                        8              84             NULL
t5                       int                      0                        4              92             NULL
========================================================================================================================



------------------------------------------------------------------------------------------------------------------------
SYMBOL TABLE : main.FOR$0          
PARENT TABLE : main                
------------------------------------------------------------------------------------------------------------------------
NAME                     TYPE                     INITIAL VALUE            SIZE           OFFSET         NESTED TABLE
========================================================================================================================
t0                       int                      0                        4              0              NULL
t1                       int                      -                        4              4              NULL
t2                       int                      -                        4              8              NULL
main.FOR$0.FOR$1         block                    -                        4              12             main.FOR$0.FOR$1
========================================================================================================================



------------------------------------------------------------------------------------------------------------------------
SYMBOL TABLE : main.FOR$0.FOR$1    
PARENT TABLE : main.FOR$0          
------------------------------------------------------------------------------------------------------------------------
NAME                     TYPE                     INITIAL VALUE            SIZE           OFFSET         NESTED TABLE
========================================================================================================================
t0                       int                      0                        4              0              NULL
t1                       int                      -                        4              4              NULL
t2                       int                      -                        4              8              NULL
t3                       int                      -                        4              12             NULL
t4                       int                      -                        4              16             NULL
t5                       int                      -                        4              20             NULL
t6                       int                      -                        4              24             NULL
t7                       int                      -                        4              28             NULL
========================================================================================================================



