******************************
GENERATED THREE-ADDRESS CODE :-
******************************

0   : swap_floats: 
1   :    t0 = *first
2   :    temp = t0
3   :    t1 = *first
4   :    t2 = *second
5   :    *first = t2
6   :    t3 = *second
7   :    *second = temp
8   :    return 

9   : fact: 
10  :    t0 = 0
11  :    if n == t0 goto 14
12  :    goto 17
13  :    goto 17
14  :    t1 = 1
15  :    return t1
16  :    goto 17
17  :    t2 = 1
18  :    t3 = n - t2
19  :    param t3
20  :    t4 = call fact, 1
21  :    t5 = n * t4
22  :    return t5

23  : main: 
24  :    t0 = 37.49
25  :    x = t0
26  :    t1 = 49.37
27  :    y = t1
28  :    t2 = &x
29  :    ptr1 = t2
30  :    t4 = &y
31  :    ptr2 = t4
32  :    param ptr1
33  :    param ptr2
34  :    t6 = call swap_floats, 2
35  :    t7 = 5
36  :    n = t7
37  :    param n
38  :    t8 = call fact, 1
39  :    fact_n = t8
40  :    t9 = 0
41  :    return t9


****************************************
GENERATED SYMBOL TABLES FOR EACH SCOPE:-
****************************************


------------------------------------------------------------------------------------------------------------------------
SYMBOL TABLE : Global              
PARENT TABLE : NULL                
------------------------------------------------------------------------------------------------------------------------
NAME                     TYPE                     INITIAL VALUE            SIZE           OFFSET         NESTED TABLE
========================================================================================================================
swap_floats              void                     -                        0              0              swap_floats
fact                     int                      -                        4              0              fact
main                     int                      -                        4              4              main
========================================================================================================================



------------------------------------------------------------------------------------------------------------------------
SYMBOL TABLE : swap_floats         
PARENT TABLE : Global              
------------------------------------------------------------------------------------------------------------------------
NAME                     TYPE                     INITIAL VALUE            SIZE           OFFSET         NESTED TABLE
========================================================================================================================
first                    ptr(float)               -                        4              0              NULL
second                   ptr(float)               -                        4              4              NULL
temp                     float                    -                        8              8              NULL
t0                       float                    -                        8              16             NULL
t1                       float                    -                        8              24             NULL
t2                       float                    -                        8              32             NULL
t3                       float                    -                        8              40             NULL
========================================================================================================================



------------------------------------------------------------------------------------------------------------------------
SYMBOL TABLE : fact                
PARENT TABLE : Global              
------------------------------------------------------------------------------------------------------------------------
NAME                     TYPE                     INITIAL VALUE            SIZE           OFFSET         NESTED TABLE
========================================================================================================================
n                        int                      -                        4              0              NULL
return                   int                      -                        4              4              NULL
t0                       int                      0                        4              8              NULL
t1                       int                      1                        4              12             NULL
t2                       int                      1                        4              16             NULL
t3                       int                      -                        4              20             NULL
t4                       int                      -                        4              24             NULL
t5                       int                      -                        4              28             NULL
========================================================================================================================



------------------------------------------------------------------------------------------------------------------------
SYMBOL TABLE : main                
PARENT TABLE : Global              
------------------------------------------------------------------------------------------------------------------------
NAME                     TYPE                     INITIAL VALUE            SIZE           OFFSET         NESTED TABLE
========================================================================================================================
return                   int                      -                        4              0              NULL
x                        float                    37.49                    8              4              NULL
t0                       float                    37.49                    8              12             NULL
y                        float                    49.37                    8              20             NULL
t1                       float                    49.37                    8              28             NULL
ptr1                     ptr(float)               -                        4              36             NULL
ptr2                     ptr(float)               -                        4              40             NULL
t2                       ptr(float)               -                        4              44             NULL
t3                       ptr(null)                -                        4              48             NULL
t4                       ptr(float)               -                        4              52             NULL
t5                       ptr(null)                -                        4              56             NULL
t6                       void                     -                        0              60             NULL
n                        int                      5                        4              60             NULL
t7                       int                      5                        4              64             NULL
fact_n                   int                      -                        4              68             NULL
t8                       int                      -                        4              72             NULL
t9                       int                      0                        4              76             NULL
========================================================================================================================



