------------------------------------------------------------------------------------------------------------------------
THREE ADDRESS CODE (TAC):
------------------------------------------------------------------------------------------------------------------------

0   : printStr: 
1   : function printStr ends

2   : printInt: 
3   : function printInt ends

4   : readInt: 
5   : function readInt ends

6   : maxSubArraySum: 
7   :    t0 = 99999
8   :    t1 = -t0
9   :    max_sum = t1
10  :    t2 = 0
11  :    current_max = t2
12  :    t3 = 0
13  :    i = t3
14  :    t4 = 1
15  :    if i < size goto 22
16  :    t4 = 0
17  :    goto 46
18  :    goto 46
19  :    t5 = i
20  :    i = i + 1
21  :    goto 14
22  :    t6 = 0
23  :    t7 = i
24  :    t7 = t7 * 4
25  :    t6 = t7
26  :    t8 = arr[t6]
27  :    t9 = current_max + t8
28  :    current_max = t9
29  :    t10 = 1
30  :    if max_sum < current_max goto 34
31  :    t10 = 0
32  :    goto 36
33  :    goto 36
34  :    max_sum = current_max
35  :    goto 36
36  :    t11 = 0
37  :    t12 = 1
38  :    if current_max < t11 goto 42
39  :    t12 = 0
40  :    goto 19
41  :    goto 45
42  :    t13 = 0
43  :    current_max = t13
44  :    goto 19
45  :    goto 19
46  :    return max_sum
47  : function maxSubArraySum ends

48  : main: 
49  :    t14 = 40
50  :    param .LC0
51  :    t15 = call printStr, 1
52  :    t16 = &err
53  :    param t16
54  :    t17 = call readInt, 1
55  :    n = t17
56  :    param .LC1
57  :    t18 = call printStr, 1
58  :    t19 = 0
59  :    i = t19
60  :    t20 = 1
61  :    if i < n goto 68
62  :    t20 = 0
63  :    goto 77
64  :    goto 77
65  :    t21 = i
66  :    i = i + 1
67  :    goto 60
68  :    t22 = 0
69  :    t23 = i
70  :    t23 = t23 * 4
71  :    t22 = t23
72  :    t24 = &err
73  :    param t24
74  :    t25 = call readInt, 1
75  :    arr[t22] = t25
76  :    goto 65
77  :    param arr
78  :    param n
79  :    t27 = call maxSubArraySum, 2
80  :    sum = t27
81  :    param .LC2
82  :    t28 = call printStr, 1
83  :    param sum
84  :    t29 = call printInt, 1
85  :    param .LC3
86  :    t30 = call printStr, 1
87  :    param .LC4
88  :    t31 = call printStr, 1
89  :    t32 = 0
90  :    return t32
91  : function main ends

------------------------------------------------------------------------------------------------------------------------
Symbol Table: SymTbl.global                                     
------------------------------------------------------------------------------------------------------------------------
Name                     Type                     Initial Value       Size           Offset         Nested
------------------------------------------------------------------------------------------------------------------------
printStr                 function                 -                   0              0              SymTbl.global.printStr
printInt                 function                 -                   0              0              SymTbl.global.printInt
readInt                  function                 -                   0              0              SymTbl.global.readInt
maxSubArraySum           function                 -                   0              0              SymTbl.global.maxSubArraySum
main                     function                 -                   0              0              SymTbl.global.main
------------------------------------------------------------------------------------------------------------------------

------------------------------------------------------------------------------------------------------------------------
Symbol Table: SymTbl.global.printStr                            
------------------------------------------------------------------------------------------------------------------------
Name                     Type                     Initial Value       Size           Offset         Nested
------------------------------------------------------------------------------------------------------------------------
ch                       char                     -                   1              0              NULL
RETVAL                   int                      -                   4              1              NULL
------------------------------------------------------------------------------------------------------------------------

------------------------------------------------------------------------------------------------------------------------
Symbol Table: SymTbl.global.printInt                            
------------------------------------------------------------------------------------------------------------------------
Name                     Type                     Initial Value       Size           Offset         Nested
------------------------------------------------------------------------------------------------------------------------
n                        int                      -                   4              0              NULL
RETVAL                   int                      -                   4              4              NULL
------------------------------------------------------------------------------------------------------------------------

------------------------------------------------------------------------------------------------------------------------
Symbol Table: SymTbl.global.readInt                             
------------------------------------------------------------------------------------------------------------------------
Name                     Type                     Initial Value       Size           Offset         Nested
------------------------------------------------------------------------------------------------------------------------
eP                       int                      -                   4              0              NULL
RETVAL                   int                      -                   4              4              NULL
------------------------------------------------------------------------------------------------------------------------

------------------------------------------------------------------------------------------------------------------------
Symbol Table: SymTbl.global.maxSubArraySum                      
------------------------------------------------------------------------------------------------------------------------
Name                     Type                     Initial Value       Size           Offset         Nested
------------------------------------------------------------------------------------------------------------------------
arr                      int[]                    -                   0              0              NULL
size                     int                      -                   4              0              NULL
RETVAL                   int                      -                   4              4              NULL
t0                       int                      99999               4              8              NULL
t1                       int                      -                   4              12             NULL
max_sum                  int                      -                   4              16             NULL
t2                       int                      0                   4              20             NULL
current_max              int                      0                   4              24             NULL
i                        int                      -                   4              28             NULL
t3                       int                      0                   4              32             NULL
t4                       int                      -                   4              36             NULL
t5                       int                      -                   4              40             NULL
t6                       int                      -                   4              44             NULL
t7                       int                      -                   4              48             NULL
t8                       int                      -                   4              52             NULL
t9                       int                      -                   4              56             NULL
t10                      int                      -                   4              60             NULL
t11                      int                      0                   4              64             NULL
t12                      int                      -                   4              68             NULL
t13                      int                      0                   4              72             NULL
------------------------------------------------------------------------------------------------------------------------

------------------------------------------------------------------------------------------------------------------------
Symbol Table: SymTbl.global.main                                
------------------------------------------------------------------------------------------------------------------------
Name                     Type                     Initial Value       Size           Offset         Nested
------------------------------------------------------------------------------------------------------------------------
RETVAL                   int                      -                   4              0              NULL
n                        int                      -                   4              4              NULL
i                        int                      -                   4              8              NULL
err                      int                      -                   4              12             NULL
t14                      int                      40                  4              16             NULL
arr                      int[40]                  -                   160            20             NULL
printStr                 int                      -                   4              180            NULL
.LC0                     int                      -                   4              184            NULL
t15                      int                      -                   4              188            NULL
readInt                  int                      -                   4              192            NULL
t16                      int                      -                   4              196            NULL
t17                      int                      -                   4              200            NULL
.LC1                     int                      -                   4              204            NULL
t18                      int                      -                   4              208            NULL
t19                      int                      0                   4              212            NULL
t20                      int                      -                   4              216            NULL
t21                      int                      -                   4              220            NULL
t22                      int                      -                   4              224            NULL
t23                      int                      -                   4              228            NULL
t24                                               -                   4              232            NULL
t25                      int                      -                   4              236            NULL
sum                      int                      -                   4              240            NULL
maxSubArraySum           int                      -                   4              244            NULL
t26                      int                      -                   4              248            NULL
t27                      int                      -                   4              252            NULL
.LC2                     int                      -                   4              256            NULL
t28                      int                      -                   4              260            NULL
printInt                 int                      -                   4              264            NULL
t29                      int                      -                   4              268            NULL
.LC3                     int                      -                   4              272            NULL
t30                      int                      -                   4              276            NULL
.LC4                     int                      -                   4              280            NULL
t31                      int                      -                   4              284            NULL
t32                      int                      0                   4              288            NULL
------------------------------------------------------------------------------------------------------------------------

