------------------------------------------------------------------------------------------------------------------------
THREE ADDRESS CODE (TAC):
------------------------------------------------------------------------------------------------------------------------

0   : printStr: 
1   : function printStr ends

2   : printInt: 
3   : function printInt ends

4   : readInt: 
5   : function readInt ends

6   : gcd: 
7   :    t0 = 0
8   :    t1 = 1
9   :    if b == t0 goto 13
10  :    t1 = 0
11  :    goto 15
12  :    goto 21
13  :    return a
14  :    goto 21
15  :    t2 = a % b
16  :    param b
17  :    param t2
18  :    t3 = call gcd, 2
19  :    return t3
20  :    goto 21
21  : function gcd ends

22  : main: 
23  :    param .LC0
24  :    t4 = call printStr, 1
25  :    t5 = &err
26  :    param t5
27  :    t6 = call readInt, 1
28  :    a = t6
29  :    param .LC1
30  :    t7 = call printStr, 1
31  :    t8 = &err
32  :    param t8
33  :    t9 = call readInt, 1
34  :    b = t9
35  :    param a
36  :    param b
37  :    t10 = call gcd, 2
38  :    gcd_val = t10
39  :    param .LC2
40  :    t11 = call printStr, 1
41  :    param .LC3
42  :    t12 = call printStr, 1
43  :    param a
44  :    t13 = call printInt, 1
45  :    param .LC4
46  :    t14 = call printStr, 1
47  :    param b
48  :    t15 = call printInt, 1
49  :    param .LC5
50  :    t16 = call printStr, 1
51  :    param gcd_val
52  :    t17 = call printInt, 1
53  :    param .LC6
54  :    t18 = call printStr, 1
55  :    param .LC7
56  :    t19 = call printStr, 1
57  :    t20 = 0
58  :    return t20
59  : function main ends

------------------------------------------------------------------------------------------------------------------------
Symbol Table: SymTbl.global                                     
------------------------------------------------------------------------------------------------------------------------
Name                     Type                     Initial Value       Size           Offset         Nested
------------------------------------------------------------------------------------------------------------------------
printStr                 function                 -                   0              0              SymTbl.global.printStr
printInt                 function                 -                   0              0              SymTbl.global.printInt
readInt                  function                 -                   0              0              SymTbl.global.readInt
gcd                      function                 -                   0              0              SymTbl.global.gcd
main                     function                 -                   0              0              SymTbl.global.main
------------------------------------------------------------------------------------------------------------------------

------------------------------------------------------------------------------------------------------------------------
Symbol Table: SymTbl.global.printStr                            
------------------------------------------------------------------------------------------------------------------------
Name                     Type                     Initial Value       Size           Offset         Nested
------------------------------------------------------------------------------------------------------------------------
ch                       char                     -                   1              0              NULL
RETVAL                   int                      -                   4              1              NULL
------------------------------------------------------------------------------------------------------------------------

------------------------------------------------------------------------------------------------------------------------
Symbol Table: SymTbl.global.printInt                            
------------------------------------------------------------------------------------------------------------------------
Name                     Type                     Initial Value       Size           Offset         Nested
------------------------------------------------------------------------------------------------------------------------
n                        int                      -                   4              0              NULL
RETVAL                   int                      -                   4              4              NULL
------------------------------------------------------------------------------------------------------------------------

------------------------------------------------------------------------------------------------------------------------
Symbol Table: SymTbl.global.readInt                             
------------------------------------------------------------------------------------------------------------------------
Name                     Type                     Initial Value       Size           Offset         Nested
------------------------------------------------------------------------------------------------------------------------
eP                       int                      -                   4              0              NULL
RETVAL                   int                      -                   4              4              NULL
------------------------------------------------------------------------------------------------------------------------

------------------------------------------------------------------------------------------------------------------------
Symbol Table: SymTbl.global.gcd                                 
------------------------------------------------------------------------------------------------------------------------
Name                     Type                     Initial Value       Size           Offset         Nested
------------------------------------------------------------------------------------------------------------------------
a                        int                      -                   4              0              NULL
b                        int                      -                   4              4              NULL
RETVAL                   int                      -                   4              8              NULL
t0                       int                      0                   4              12             NULL
t1                       int                      -                   4              16             NULL
gcd                      int                      -                   4              20             NULL
t2                       int                      -                   4              24             NULL
t3                       int                      -                   4              28             NULL
------------------------------------------------------------------------------------------------------------------------

------------------------------------------------------------------------------------------------------------------------
Symbol Table: SymTbl.global.main                                
------------------------------------------------------------------------------------------------------------------------
Name                     Type                     Initial Value       Size           Offset         Nested
------------------------------------------------------------------------------------------------------------------------
RETVAL                   int                      -                   4              0              NULL
a                        int                      -                   4              4              NULL
b                        int                      -                   4              8              NULL
gcd_val                  int                      -                   4              12             NULL
err                      int                      -                   4              16             NULL
printStr                 int                      -                   4              20             NULL
.LC0                     int                      -                   4              24             NULL
t4                       int                      -                   4              28             NULL
readInt                  int                      -                   4              32             NULL
t5                       int                      -                   4              36             NULL
t6                       int                      -                   4              40             NULL
.LC1                     int                      -                   4              44             NULL
t7                       int                      -                   4              48             NULL
t8                       int                      -                   4              52             NULL
t9                       int                      -                   4              56             NULL
gcd                      int                      -                   4              60             NULL
t10                      int                      -                   4              64             NULL
.LC2                     int                      -                   4              68             NULL
t11                      int                      -                   4              72             NULL
.LC3                     int                      -                   4              76             NULL
t12                      int                      -                   4              80             NULL
printInt                 int                      -                   4              84             NULL
t13                      int                      -                   4              88             NULL
.LC4                     int                      -                   4              92             NULL
t14                      int                      -                   4              96             NULL
t15                      int                      -                   4              100            NULL
.LC5                     int                      -                   4              104            NULL
t16                      int                      -                   4              108            NULL
t17                      int                      -                   4              112            NULL
.LC6                     int                      -                   4              116            NULL
t18                      int                      -                   4              120            NULL
.LC7                     int                      -                   4              124            NULL
t19                      int                      -                   4              128            NULL
t20                      int                      0                   4              132            NULL
------------------------------------------------------------------------------------------------------------------------

